2024-10-07 04:24:03 [@glpi]
Externo #1: Lanzar PurgeLogs
2024-10-07 04:24:03 [@glpi]
Externo #2: Lanzar checkAllUpdates
2024-10-07 04:24:04 [@glpi]
Externo #3: Lanzar DomainsAlert
2024-10-07 04:24:04 [@glpi]
Externo #4: Lanzar cleanorphans
2024-10-07 04:24:04 [@glpi]
Externo #5: Lanzar pendingreason_autobump_autosolve
2024-10-07 04:24:14 [@glpi]
Interno #1: Lanzar contract
2024-10-07 04:26:03 [@glpi]
Externo #1: Lanzar Cleanoldagents
2024-10-07 04:28:03 [@glpi]
Externo #1: Nada que lanzar
2024-10-07 04:30:03 [@glpi]
Externo #1: Nada que lanzar
2024-10-07 04:32:03 [@glpi]
Externo #1: Nada que lanzar
2024-10-07 04:34:03 [@glpi]
Externo #1: Nada que lanzar
2024-10-07 04:35:48 [2@glpi]
Interno #1: Lanzar infocom
2024-10-07 04:36:03 [@glpi]
Externo #1: Nada que lanzar
2024-10-07 04:38:03 [@glpi]
Externo #1: Nada que lanzar
2024-10-07 04:40:03 [@glpi]
Externo #1: Nada que lanzar
2024-10-07 04:41:30 [2@glpi]
Interno #1: Lanzar mailgate
2024-10-07 04:42:03 [@glpi]
Externo #1: Nada que lanzar
2024-10-07 04:44:03 [@glpi]
Externo #1: Nada que lanzar
2024-10-07 04:46:03 [@glpi]
Externo #1: Nada que lanzar
